This file contains any messages produced by compilers while
running configure, to aid debugging if configure makes a mistake.

It was created by heat configure 1.17, which was
generated by GNU Autoconf 2.63.  Invocation command line was

  $ ./configure 

## --------- ##
## Platform. ##
## --------- ##

hostname = fs0
uname -m = x86_64
uname -r = 2.6.32-279.22.1.el6.x86_64
uname -s = Linux
uname -v = #1 SMP Wed Feb 6 03:10:46 UTC 2013

/usr/bin/uname -p = unknown
/bin/uname -X     = unknown

/bin/arch              = x86_64
/usr/bin/arch -k       = unknown
/usr/convex/getsysinfo = unknown
/usr/bin/hostinfo      = unknown
/bin/machine           = unknown
/usr/bin/oslevel       = unknown
/bin/universe          = unknown

PATH: /cm/shared/apps/intel/composer_xe_2013/composer_xe_2013.3.163/bin/intel64
PATH: /cm/shared/apps/intel/composer_xe_2013/composer_xe_2013.3.163/mpirt/bin/intel64
PATH: /cm/shared/apps/intel/composer_xe_2013/composer_xe_2013.3.163/bin/intel64_mic
PATH: /cm/shared/apps/intel/composer_xe_2013/composer_xe_2013.3.163/debugger/gui/intel64
PATH: /cm/shared/apps/cuda55/toolkit/5.5.22/open64/bin
PATH: /cm/local/apps/cuda/libs/current/bin
PATH: /cm/shared/apps/cuda55/sdk/5.5.22/bin/x86_64/linux/release
PATH: /cm/shared/apps/cuda55/toolkit/5.5.22/bin
PATH: /cm/shared/apps/gcc/4.4.6/bin
PATH: /usr/lib64/qt-3.3/bin
PATH: /usr/local/bin
PATH: /bin
PATH: /usr/bin
PATH: /usr/local/sbin
PATH: /usr/sbin
PATH: /sbin
PATH: /sbin
PATH: /usr/sbin
PATH: /cm/shared/apps/sge/6.2u5p2/bin/lx26-amd64
PATH: /cm/shared/package/reserve.sge/bin
PATH: /home/alvarban/bin
PATH: /home/alvarban/bin


## ----------- ##
## Core tests. ##
## ----------- ##

configure:1831: checking for a BSD-compatible install
configure:1899: result: /usr/bin/install -c
configure:1910: checking whether build environment is sane
configure:1970: result: yes
configure:2111: checking for a thread-safe mkdir -p
configure:2150: result: /bin/mkdir -p
configure:2163: checking for gawk
configure:2179: found /bin/gawk
configure:2190: result: gawk
configure:2201: checking whether make sets $(MAKE)
configure:2223: result: yes
configure:2351: checking for gcc-mp-4.3
configure:2381: result: no
configure:2351: checking for gcc-mp-4.4
configure:2381: result: no
configure:2351: checking for gcc
configure:2367: found /cm/shared/apps/gcc/4.4.6/bin/gcc
configure:2378: result: gcc
configure:2412: checking for C compiler version
configure:2420: gcc --version >&5
gcc (GCC) 4.4.6
Copyright (C) 2010 Free Software Foundation, Inc.
This is free software; see the source for copying conditions.  There is NO
warranty; not even for MERCHANTABILITY or FITNESS FOR A PARTICULAR PURPOSE.

configure:2424: $? = 0
configure:2431: gcc -v >&5
Using built-in specs.
Target: x86_64-unknown-linux-gnu
Configured with: ../gcc-4.4.6/configure --prefix=/cm/shared/apps/gcc/4.4.6 --enable-languages=c,c++,fortran --with-gmp-include=/root/rpmbuild/BUILD/gcc-4.4.6-obj/../gcc-4.4.6/our-gmp --with-gmp-lib=/root/rpmbuild/BUILD/gcc-4.4.6-obj/../gcc-4.4.6/our-gmp --with-mpc-include=/root/rpmbuild/BUILD/gcc-4.4.6-obj/../gcc-4.4.6/our-mpc --with-mpc-lib=/root/rpmbuild/BUILD/gcc-4.4.6-obj/../gcc-4.4.6/our-mpc --with-mpfr-include=/root/rpmbuild/BUILD/gcc-4.4.6-obj/../gcc-4.4.6/our-mpfr --with-mpfr-lib=/root/rpmbuild/BUILD/gcc-4.4.6-obj/../gcc-4.4.6/our-mpfr/.libs
Thread model: posix
gcc version 4.4.6 (GCC) 
configure:2435: $? = 0
configure:2442: gcc -V >&5
gcc: '-V' option must have argument
configure:2446: $? = 1
configure:2469: checking for C compiler default output file name
configure:2491: gcc    conftest.c  >&5
configure:2495: $? = 0
configure:2533: result: a.out
configure:2552: checking whether the C compiler works
configure:2562: ./a.out
configure:2566: $? = 0
configure:2585: result: yes
configure:2592: checking whether we are cross compiling
configure:2594: result: no
configure:2597: checking for suffix of executables
configure:2604: gcc -o conftest    conftest.c  >&5
configure:2608: $? = 0
configure:2634: result: 
configure:2640: checking for suffix of object files
configure:2666: gcc -c   conftest.c >&5
configure:2670: $? = 0
configure:2695: result: o
configure:2699: checking whether we are using the GNU C compiler
configure:2728: gcc -c   conftest.c >&5
configure:2735: $? = 0
configure:2752: result: yes
configure:2761: checking whether gcc accepts -g
configure:2791: gcc -c -g  conftest.c >&5
configure:2798: $? = 0
configure:2899: result: yes
configure:2916: checking for gcc option to accept ISO C89
configure:2990: gcc  -c -g -O2  conftest.c >&5
configure:2997: $? = 0
configure:3020: result: none needed
configure:3049: checking for style of include used by make
configure:3077: result: GNU
configure:3102: checking dependency style of gcc
configure:3212: result: gcc3
configure:3273: checking for ranlib
configure:3289: found /usr/bin/ranlib
configure:3300: result: ranlib
configure:3322: checking for gcc option to accept ISO C99
configure:3481: gcc  -c -g -O2  conftest.c >&5
conftest.c:58: error: expected ';', ',' or ')' before 'text'
conftest.c: In function 'main':
conftest.c:112: error: expected '=', ',', ';', 'asm' or '__attribute__' before 'newvar'
conftest.c:112: error: 'newvar' undeclared (first use in this function)
conftest.c:112: error: (Each undeclared identifier is reported only once
conftest.c:112: error: for each function it appears in.)
conftest.c:122: error: 'for' loop initial declarations are only allowed in C99 mode
conftest.c:122: note: use option -std=c99 or -std=gnu99 to compile your code
configure:3488: $? = 1
configure: failed program was:
| /* confdefs.h.  */
| #define PACKAGE_NAME "heat"
| #define PACKAGE_TARNAME "heat"
| #define PACKAGE_VERSION "1.17"
| #define PACKAGE_STRING "heat 1.17"
| #define PACKAGE_BUGREPORT "pcs2015@list.uva.nl"
| /* end confdefs.h.  */
| #include <stdarg.h>
| #include <stdbool.h>
| #include <stdlib.h>
| #include <wchar.h>
| #include <stdio.h>
| 
| // Check varargs macros.  These examples are taken from C99 6.10.3.5.
| #define debug(...) fprintf (stderr, __VA_ARGS__)
| #define showlist(...) puts (#__VA_ARGS__)
| #define report(test,...) ((test) ? puts (#test) : printf (__VA_ARGS__))
| static void
| test_varargs_macros (void)
| {
|   int x = 1234;
|   int y = 5678;
|   debug ("Flag");
|   debug ("X = %d\n", x);
|   showlist (The first, second, and third items.);
|   report (x>y, "x is %d but y is %d", x, y);
| }
| 
| // Check long long types.
| #define BIG64 18446744073709551615ull
| #define BIG32 4294967295ul
| #define BIG_OK (BIG64 / BIG32 == 4294967297ull && BIG64 % BIG32 == 0)
| #if !BIG_OK
|   your preprocessor is broken;
| #endif
| #if BIG_OK
| #else
|   your preprocessor is broken;
| #endif
| static long long int bignum = -9223372036854775807LL;
| static unsigned long long int ubignum = BIG64;
| 
| struct incomplete_array
| {
|   int datasize;
|   double data[];
| };
| 
| struct named_init {
|   int number;
|   const wchar_t *name;
|   double average;
| };
| 
| typedef const char *ccp;
| 
| static inline int
| test_restrict (ccp restrict text)
| {
|   // See if C++-style comments work.
|   // Iterate through items via the restricted pointer.
|   // Also check for declarations in for loops.
|   for (unsigned int i = 0; *(text+i) != '\0'; ++i)
|     continue;
|   return 0;
| }
| 
| // Check varargs and va_copy.
| static void
| test_varargs (const char *format, ...)
| {
|   va_list args;
|   va_start (args, format);
|   va_list args_copy;
|   va_copy (args_copy, args);
| 
|   const char *str;
|   int number;
|   float fnumber;
| 
|   while (*format)
|     {
|       switch (*format++)
| 	{
| 	case 's': // string
| 	  str = va_arg (args_copy, const char *);
| 	  break;
| 	case 'd': // int
| 	  number = va_arg (args_copy, int);
| 	  break;
| 	case 'f': // float
| 	  fnumber = va_arg (args_copy, double);
| 	  break;
| 	default:
| 	  break;
| 	}
|     }
|   va_end (args_copy);
|   va_end (args);
| }
| 
| int
| main ()
| {
| 
|   // Check bool.
|   _Bool success = false;
| 
|   // Check restrict.
|   if (test_restrict ("String literal") == 0)
|     success = true;
|   char *restrict newvar = "Another string";
| 
|   // Check varargs.
|   test_varargs ("s, d' f .", "string", 65, 34.234);
|   test_varargs_macros ();
| 
|   // Check flexible array members.
|   struct incomplete_array *ia =
|     malloc (sizeof (struct incomplete_array) + (sizeof (double) * 10));
|   ia->datasize = 10;
|   for (int i = 0; i < ia->datasize; ++i)
|     ia->data[i] = i * 1.234;
| 
|   // Check named initializers.
|   struct named_init ni = {
|     .number = 34,
|     .name = L"Test wide string",
|     .average = 543.34343,
|   };
| 
|   ni.number = 58;
| 
|   int dynamic_array[ni.number];
|   dynamic_array[ni.number - 1] = 543;
| 
|   // work around unused variable warnings
|   return (!success || bignum == 0LL || ubignum == 0uLL || newvar[0] == 'x'
| 	  || dynamic_array[ni.number - 1] != 543);
| 
|   ;
|   return 0;
| }
configure:3481: gcc -std=gnu99 -c -g -O2  conftest.c >&5
configure:3488: $? = 0
configure:3518: result: -std=gnu99
configure:3525: checking for an ANSI C-conforming const
configure:3600: gcc -std=gnu99 -c -g -O2  conftest.c >&5
configure:3607: $? = 0
configure:3622: result: yes
configure:3632: checking for C/C++ restrict keyword
configure:3667: gcc -std=gnu99 -c -g -O2  conftest.c >&5
configure:3674: $? = 0
configure:3692: result: __restrict
configure:3708: checking for working volatile
configure:3737: gcc -std=gnu99 -c -g -O2  conftest.c >&5
configure:3744: $? = 0
configure:3759: result: yes
configure:3770: checking for library containing fabs
configure:3811: gcc -std=gnu99 -o conftest -g -O2   conftest.c  >&5
conftest.c:16: warning: conflicting types for built-in function 'fabs'
/tmp/ccIO64KZ.o: In function `main':
/home/alvarban/heat-1.17/cuda/conftest.c:20: undefined reference to `fabs'
collect2: ld returned 1 exit status
configure:3818: $? = 1
configure: failed program was:
| /* confdefs.h.  */
| #define PACKAGE_NAME "heat"
| #define PACKAGE_TARNAME "heat"
| #define PACKAGE_VERSION "1.17"
| #define PACKAGE_STRING "heat 1.17"
| #define PACKAGE_BUGREPORT "pcs2015@list.uva.nl"
| #define restrict __restrict
| /* end confdefs.h.  */
| 
| /* Override any GCC internal prototype to avoid an error.
|    Use char because int might match the return type of a GCC
|    builtin and then its argument prototype would still apply.  */
| #ifdef __cplusplus
| extern "C"
| #endif
| char fabs ();
| int
| main ()
| {
| return fabs ();
|   ;
|   return 0;
| }
configure:3811: gcc -std=gnu99 -o conftest -g -O2   conftest.c -lm   >&5
conftest.c:16: warning: conflicting types for built-in function 'fabs'
configure:3818: $? = 0
configure:3849: result: -lm
configure:3857: checking for library containing fmin
configure:3898: gcc -std=gnu99 -o conftest -g -O2   conftest.c -lm  >&5
conftest.c:16: warning: conflicting types for built-in function 'fmin'
configure:3905: $? = 0
configure:3936: result: none required
configure:3944: checking for library containing fmax
configure:3985: gcc -std=gnu99 -o conftest -g -O2   conftest.c -lm  >&5
conftest.c:16: warning: conflicting types for built-in function 'fmax'
configure:3992: $? = 0
configure:4023: result: none required
configure:4031: checking for library containing sqrt
configure:4072: gcc -std=gnu99 -o conftest -g -O2   conftest.c -lm  >&5
conftest.c:16: warning: conflicting types for built-in function 'sqrt'
configure:4079: $? = 0
configure:4110: result: none required
configure:4134: checking for OpenMP flag of C compiler
configure:4180: gcc -std=gnu99 -o conftest -g -O2 -Wall -fopenmp  -I$(COMMON)  conftest.c -lm  >&5
configure:4187: $? = 0
configure:4210: result: -fopenmp
configure:4354: creating ./config.status

## ---------------------- ##
## Running config.status. ##
## ---------------------- ##

This file was extended by heat config.status 1.17, which was
generated by GNU Autoconf 2.63.  Invocation command line was

  CONFIG_FILES    = 
  CONFIG_HEADERS  = 
  CONFIG_LINKS    = 
  CONFIG_COMMANDS = 
  $ ./config.status 

on fs0

config.status:760: creating Makefile
config.status:760: creating config.h
config.status:982: config.h is unchanged
config.status:1034: executing depfiles commands

## ---------------- ##
## Cache variables. ##
## ---------------- ##

ac_cv_c_compiler_gnu=yes
ac_cv_c_const=yes
ac_cv_c_restrict=__restrict
ac_cv_c_volatile=yes
ac_cv_env_CC_set=
ac_cv_env_CC_value=
ac_cv_env_CFLAGS_set=
ac_cv_env_CFLAGS_value=
ac_cv_env_CPPFLAGS_set=
ac_cv_env_CPPFLAGS_value=
ac_cv_env_LDFLAGS_set=
ac_cv_env_LDFLAGS_value=
ac_cv_env_LIBS_set=
ac_cv_env_LIBS_value=
ac_cv_env_build_alias_set=
ac_cv_env_build_alias_value=
ac_cv_env_host_alias_set=
ac_cv_env_host_alias_value=
ac_cv_env_target_alias_set=
ac_cv_env_target_alias_value=
ac_cv_objext=o
ac_cv_path_install='/usr/bin/install -c'
ac_cv_path_mkdir=/bin/mkdir
ac_cv_prog_AWK=gawk
ac_cv_prog_ac_ct_CC=gcc
ac_cv_prog_ac_ct_RANLIB=ranlib
ac_cv_prog_cc_c89=
ac_cv_prog_cc_c99=-std=gnu99
ac_cv_prog_cc_g=yes
ac_cv_prog_make_make_set=yes
ac_cv_search_fabs=-lm
ac_cv_search_fmax='none required'
ac_cv_search_fmin='none required'
ac_cv_search_sqrt='none required'
am_cv_CC_dependencies_compiler_type=gcc3
ax_cv_c_openmp=-fopenmp

## ----------------- ##
## Output variables. ##
## ----------------- ##

ACLOCAL='${SHELL} /home/alvarban/heat-1.17/cuda/build-aux/missing --run aclocal-1.11'
AMDEPBACKSLASH='\'
AMDEP_FALSE='#'
AMDEP_TRUE=''
AMTAR='${SHELL} /home/alvarban/heat-1.17/cuda/build-aux/missing --run tar'
AUTOCONF='${SHELL} /home/alvarban/heat-1.17/cuda/build-aux/missing --run autoconf -f'
AUTOHEADER='${SHELL} /home/alvarban/heat-1.17/cuda/build-aux/missing --run autoheader'
AUTOMAKE='${SHELL} /home/alvarban/heat-1.17/cuda/build-aux/missing --run automake-1.11'
AWK='gawk'
CC='gcc -std=gnu99'
CCDEPMODE='depmode=gcc3'
CFLAGS='-g -O2 -Wall -fopenmp'
COMMON='$(srcdir)/../src'
CPPFLAGS=' -I$(COMMON)'
CYGPATH_W='echo'
DEFS='-DHAVE_CONFIG_H'
DEPDIR='.deps'
ECHO_C=''
ECHO_N='-n'
ECHO_T=''
EXEEXT=''
INSTALL_DATA='${INSTALL} -m 644'
INSTALL_PROGRAM='${INSTALL}'
INSTALL_SCRIPT='${INSTALL}'
INSTALL_STRIP_PROGRAM='$(install_sh) -c -s'
LDFLAGS=''
LIBOBJS=''
LIBS='-lm '
LTLIBOBJS=''
MAKEINFO='${SHELL} /home/alvarban/heat-1.17/cuda/build-aux/missing --run makeinfo'
MKDIR_P='/bin/mkdir -p'
OBJEXT='o'
PACKAGE='heat'
PACKAGE_BUGREPORT='pcs2015@list.uva.nl'
PACKAGE_NAME='heat'
PACKAGE_STRING='heat 1.17'
PACKAGE_TARNAME='heat'
PACKAGE_VERSION='1.17'
PATH_SEPARATOR=':'
RANLIB='ranlib'
SET_MAKE=''
SHELL='/bin/sh'
STRIP=''
VERSION='1.17'
ac_ct_CC='gcc'
am__EXEEXT_FALSE=''
am__EXEEXT_TRUE='#'
am__fastdepCC_FALSE='#'
am__fastdepCC_TRUE=''
am__include='include'
am__isrc=''
am__leading_dot='.'
am__quote=''
am__tar='${AMTAR} chof - "$$tardir"'
am__untar='${AMTAR} xf -'
bindir='${exec_prefix}/bin'
build_alias=''
datadir='${datarootdir}'
datarootdir='${prefix}/share'
docdir='${datarootdir}/doc/${PACKAGE_TARNAME}'
dvidir='${docdir}'
exec_prefix='${prefix}'
host_alias=''
htmldir='${docdir}'
includedir='${prefix}/include'
infodir='${datarootdir}/info'
install_sh='${SHELL} /home/alvarban/heat-1.17/cuda/build-aux/install-sh'
libdir='${exec_prefix}/lib'
libexecdir='${exec_prefix}/libexec'
localedir='${datarootdir}/locale'
localstatedir='${prefix}/var'
mandir='${datarootdir}/man'
mkdir_p='/bin/mkdir -p'
oldincludedir='/usr/include'
pdfdir='${docdir}'
prefix='/usr/local'
program_transform_name='s,x,x,'
psdir='${docdir}'
sbindir='${exec_prefix}/sbin'
sharedstatedir='${prefix}/com'
sysconfdir='${prefix}/etc'
target_alias=''

## ----------- ##
## confdefs.h. ##
## ----------- ##

#define PACKAGE_NAME "heat"
#define PACKAGE_TARNAME "heat"
#define PACKAGE_VERSION "1.17"
#define PACKAGE_STRING "heat 1.17"
#define PACKAGE_BUGREPORT "pcs2015@list.uva.nl"
#define restrict __restrict
#define HAVE_OPENMP 1

configure: exit 0
